<?xml version="1.0" encoding="UTF-8"?>
<testsuite name="com.samsung.health.hrdatatransfer.ParseTrackingDataTest" tests="2" skipped="0" failures="0" errors="0" timestamp="2025-07-29T07:18:18" hostname="MSI_CORPUZ" time="0.362">
  <properties/>
  <testcase name="parsing_isCorrect2" classname="com.samsung.health.hrdatatransfer.ParseTrackingDataTest" time="0.349"/>
  <testcase name="parsing_isCorrect" classname="com.samsung.health.hrdatatransfer.ParseTrackingDataTest" time="0.013"/>
  <system-out><![CDATA[]]></system-out>
  <system-err><![CDATA[]]></system-err>
</testsuite>
